ARM GAS  /tmp/ccWt2LC5.s 			page 1


   1              		.cpu cortex-m3
   2              		.arch armv7-m
   3              		.fpu softvfp
   4              		.eabi_attribute 20, 1
   5              		.eabi_attribute 21, 1
   6              		.eabi_attribute 23, 3
   7              		.eabi_attribute 24, 1
   8              		.eabi_attribute 25, 1
   9              		.eabi_attribute 26, 1
  10              		.eabi_attribute 30, 6
  11              		.eabi_attribute 34, 1
  12              		.eabi_attribute 18, 4
  13              		.file	"i2c.c"
  14              		.text
  15              	.Ltext0:
  16              		.cfi_sections	.debug_frame
  17              		.file 1 "Core/Src/i2c.c"
  18              		.global	hi2c1
  19              		.section	.bss.hi2c1,"aw",%nobits
  20              		.align	2
  23              	hi2c1:
  24 0000 00000000 		.space	84
  24      00000000 
  24      00000000 
  24      00000000 
  24      00000000 
  25              		.global	hdma_i2c1_rx
  26              		.section	.bss.hdma_i2c1_rx,"aw",%nobits
  27              		.align	2
  30              	hdma_i2c1_rx:
  31 0000 00000000 		.space	68
  31      00000000 
  31      00000000 
  31      00000000 
  31      00000000 
  32              		.global	hdma_i2c1_tx
  33              		.section	.bss.hdma_i2c1_tx,"aw",%nobits
  34              		.align	2
  37              	hdma_i2c1_tx:
  38 0000 00000000 		.space	68
  38      00000000 
  38      00000000 
  38      00000000 
  38      00000000 
  39              		.section	.text.MX_I2C1_Init,"ax",%progbits
  40              		.align	1
  41              		.global	MX_I2C1_Init
  42              		.syntax unified
  43              		.thumb
  44              		.thumb_func
  46              	MX_I2C1_Init:
  47              	.LFB65:
   1:Core/Src/i2c.c **** /* USER CODE BEGIN Header */
   2:Core/Src/i2c.c **** /**
   3:Core/Src/i2c.c ****   ******************************************************************************
   4:Core/Src/i2c.c ****   * @file    i2c.c
   5:Core/Src/i2c.c ****   * @brief   This file provides code for the configuration
ARM GAS  /tmp/ccWt2LC5.s 			page 2


   6:Core/Src/i2c.c ****   *          of the I2C instances.
   7:Core/Src/i2c.c ****   ******************************************************************************
   8:Core/Src/i2c.c ****   * @attention
   9:Core/Src/i2c.c ****   *
  10:Core/Src/i2c.c ****   * Copyright (c) 2025 STMicroelectronics.
  11:Core/Src/i2c.c ****   * All rights reserved.
  12:Core/Src/i2c.c ****   *
  13:Core/Src/i2c.c ****   * This software is licensed under terms that can be found in the LICENSE file
  14:Core/Src/i2c.c ****   * in the root directory of this software component.
  15:Core/Src/i2c.c ****   * If no LICENSE file comes with this software, it is provided AS-IS.
  16:Core/Src/i2c.c ****   *
  17:Core/Src/i2c.c ****   ******************************************************************************
  18:Core/Src/i2c.c ****   */
  19:Core/Src/i2c.c **** /* USER CODE END Header */
  20:Core/Src/i2c.c **** /* Includes ------------------------------------------------------------------*/
  21:Core/Src/i2c.c **** #include "i2c.h"
  22:Core/Src/i2c.c **** 
  23:Core/Src/i2c.c **** /* USER CODE BEGIN 0 */
  24:Core/Src/i2c.c **** 
  25:Core/Src/i2c.c **** /* USER CODE END 0 */
  26:Core/Src/i2c.c **** 
  27:Core/Src/i2c.c **** I2C_HandleTypeDef hi2c1;
  28:Core/Src/i2c.c **** DMA_HandleTypeDef hdma_i2c1_rx;
  29:Core/Src/i2c.c **** DMA_HandleTypeDef hdma_i2c1_tx;
  30:Core/Src/i2c.c **** 
  31:Core/Src/i2c.c **** /* I2C1 init function */
  32:Core/Src/i2c.c **** void MX_I2C1_Init(void)
  33:Core/Src/i2c.c **** {
  48              		.loc 1 33 1
  49              		.cfi_startproc
  50              		@ args = 0, pretend = 0, frame = 0
  51              		@ frame_needed = 1, uses_anonymous_args = 0
  52 0000 80B5     		push	{r7, lr}
  53              	.LCFI0:
  54              		.cfi_def_cfa_offset 8
  55              		.cfi_offset 7, -8
  56              		.cfi_offset 14, -4
  57 0002 00AF     		add	r7, sp, #0
  58              	.LCFI1:
  59              		.cfi_def_cfa_register 7
  34:Core/Src/i2c.c **** 
  35:Core/Src/i2c.c ****   /* USER CODE BEGIN I2C1_Init 0 */
  36:Core/Src/i2c.c **** 
  37:Core/Src/i2c.c ****   /* USER CODE END I2C1_Init 0 */
  38:Core/Src/i2c.c **** 
  39:Core/Src/i2c.c ****   /* USER CODE BEGIN I2C1_Init 1 */
  40:Core/Src/i2c.c **** 
  41:Core/Src/i2c.c ****   /* USER CODE END I2C1_Init 1 */
  42:Core/Src/i2c.c ****   hi2c1.Instance = I2C1;
  60              		.loc 1 42 18
  61 0004 124B     		ldr	r3, .L4
  62 0006 134A     		ldr	r2, .L4+4
  63 0008 1A60     		str	r2, [r3]
  43:Core/Src/i2c.c ****   hi2c1.Init.ClockSpeed = 100000;
  64              		.loc 1 43 25
  65 000a 114B     		ldr	r3, .L4
  66 000c 124A     		ldr	r2, .L4+8
ARM GAS  /tmp/ccWt2LC5.s 			page 3


  67 000e 5A60     		str	r2, [r3, #4]
  44:Core/Src/i2c.c ****   hi2c1.Init.DutyCycle = I2C_DUTYCYCLE_2;
  68              		.loc 1 44 24
  69 0010 0F4B     		ldr	r3, .L4
  70 0012 0022     		movs	r2, #0
  71 0014 9A60     		str	r2, [r3, #8]
  45:Core/Src/i2c.c ****   hi2c1.Init.OwnAddress1 = 20;
  72              		.loc 1 45 26
  73 0016 0E4B     		ldr	r3, .L4
  74 0018 1422     		movs	r2, #20
  75 001a DA60     		str	r2, [r3, #12]
  46:Core/Src/i2c.c ****   hi2c1.Init.AddressingMode = I2C_ADDRESSINGMODE_7BIT;
  76              		.loc 1 46 29
  77 001c 0C4B     		ldr	r3, .L4
  78 001e 4FF48042 		mov	r2, #16384
  79 0022 1A61     		str	r2, [r3, #16]
  47:Core/Src/i2c.c ****   hi2c1.Init.DualAddressMode = I2C_DUALADDRESS_DISABLE;
  80              		.loc 1 47 30
  81 0024 0A4B     		ldr	r3, .L4
  82 0026 0022     		movs	r2, #0
  83 0028 5A61     		str	r2, [r3, #20]
  48:Core/Src/i2c.c ****   hi2c1.Init.OwnAddress2 = 0;
  84              		.loc 1 48 26
  85 002a 094B     		ldr	r3, .L4
  86 002c 0022     		movs	r2, #0
  87 002e 9A61     		str	r2, [r3, #24]
  49:Core/Src/i2c.c ****   hi2c1.Init.GeneralCallMode = I2C_GENERALCALL_DISABLE;
  88              		.loc 1 49 30
  89 0030 074B     		ldr	r3, .L4
  90 0032 0022     		movs	r2, #0
  91 0034 DA61     		str	r2, [r3, #28]
  50:Core/Src/i2c.c ****   hi2c1.Init.NoStretchMode = I2C_NOSTRETCH_ENABLE;
  92              		.loc 1 50 28
  93 0036 064B     		ldr	r3, .L4
  94 0038 8022     		movs	r2, #128
  95 003a 1A62     		str	r2, [r3, #32]
  51:Core/Src/i2c.c ****   if (HAL_I2C_Init(&hi2c1) != HAL_OK)
  96              		.loc 1 51 7
  97 003c 0448     		ldr	r0, .L4
  98 003e FFF7FEFF 		bl	HAL_I2C_Init
  99 0042 0346     		mov	r3, r0
 100              		.loc 1 51 6 discriminator 1
 101 0044 002B     		cmp	r3, #0
 102 0046 01D0     		beq	.L3
  52:Core/Src/i2c.c ****   {
  53:Core/Src/i2c.c ****     Error_Handler();
 103              		.loc 1 53 5
 104 0048 FFF7FEFF 		bl	Error_Handler
 105              	.L3:
  54:Core/Src/i2c.c ****   }
  55:Core/Src/i2c.c ****   /* USER CODE BEGIN I2C1_Init 2 */
  56:Core/Src/i2c.c **** 
  57:Core/Src/i2c.c ****   /* USER CODE END I2C1_Init 2 */
  58:Core/Src/i2c.c **** 
  59:Core/Src/i2c.c **** }
 106              		.loc 1 59 1
 107 004c 00BF     		nop
ARM GAS  /tmp/ccWt2LC5.s 			page 4


 108 004e 80BD     		pop	{r7, pc}
 109              	.L5:
 110              		.align	2
 111              	.L4:
 112 0050 00000000 		.word	hi2c1
 113 0054 00540040 		.word	1073763328
 114 0058 A0860100 		.word	100000
 115              		.cfi_endproc
 116              	.LFE65:
 118              		.section	.text.HAL_I2C_MspInit,"ax",%progbits
 119              		.align	1
 120              		.global	HAL_I2C_MspInit
 121              		.syntax unified
 122              		.thumb
 123              		.thumb_func
 125              	HAL_I2C_MspInit:
 126              	.LFB66:
  60:Core/Src/i2c.c **** 
  61:Core/Src/i2c.c **** void HAL_I2C_MspInit(I2C_HandleTypeDef* i2cHandle)
  62:Core/Src/i2c.c **** {
 127              		.loc 1 62 1
 128              		.cfi_startproc
 129              		@ args = 0, pretend = 0, frame = 32
 130              		@ frame_needed = 1, uses_anonymous_args = 0
 131 0000 80B5     		push	{r7, lr}
 132              	.LCFI2:
 133              		.cfi_def_cfa_offset 8
 134              		.cfi_offset 7, -8
 135              		.cfi_offset 14, -4
 136 0002 88B0     		sub	sp, sp, #32
 137              	.LCFI3:
 138              		.cfi_def_cfa_offset 40
 139 0004 00AF     		add	r7, sp, #0
 140              	.LCFI4:
 141              		.cfi_def_cfa_register 7
 142 0006 7860     		str	r0, [r7, #4]
  63:Core/Src/i2c.c **** 
  64:Core/Src/i2c.c ****   GPIO_InitTypeDef GPIO_InitStruct = {0};
 143              		.loc 1 64 20
 144 0008 07F11003 		add	r3, r7, #16
 145 000c 0022     		movs	r2, #0
 146 000e 1A60     		str	r2, [r3]
 147 0010 5A60     		str	r2, [r3, #4]
 148 0012 9A60     		str	r2, [r3, #8]
 149 0014 DA60     		str	r2, [r3, #12]
  65:Core/Src/i2c.c ****   if(i2cHandle->Instance==I2C1)
 150              		.loc 1 65 15
 151 0016 7B68     		ldr	r3, [r7, #4]
 152 0018 1B68     		ldr	r3, [r3]
 153              		.loc 1 65 5
 154 001a 454A     		ldr	r2, .L11
 155 001c 9342     		cmp	r3, r2
 156 001e 40F08280 		bne	.L10
 157              	.LBB2:
  66:Core/Src/i2c.c ****   {
  67:Core/Src/i2c.c ****   /* USER CODE BEGIN I2C1_MspInit 0 */
  68:Core/Src/i2c.c **** 
ARM GAS  /tmp/ccWt2LC5.s 			page 5


  69:Core/Src/i2c.c ****   /* USER CODE END I2C1_MspInit 0 */
  70:Core/Src/i2c.c **** 
  71:Core/Src/i2c.c ****     __HAL_RCC_GPIOB_CLK_ENABLE();
 158              		.loc 1 71 5
 159 0022 444B     		ldr	r3, .L11+4
 160 0024 9B69     		ldr	r3, [r3, #24]
 161 0026 434A     		ldr	r2, .L11+4
 162 0028 43F00803 		orr	r3, r3, #8
 163 002c 9361     		str	r3, [r2, #24]
 164 002e 414B     		ldr	r3, .L11+4
 165 0030 9B69     		ldr	r3, [r3, #24]
 166 0032 03F00803 		and	r3, r3, #8
 167 0036 FB60     		str	r3, [r7, #12]
 168 0038 FB68     		ldr	r3, [r7, #12]
 169              	.LBE2:
  72:Core/Src/i2c.c ****     /**I2C1 GPIO Configuration
  73:Core/Src/i2c.c ****     PB6     ------> I2C1_SCL
  74:Core/Src/i2c.c ****     PB7     ------> I2C1_SDA
  75:Core/Src/i2c.c ****     */
  76:Core/Src/i2c.c ****     GPIO_InitStruct.Pin = GPIO_PIN_6|GPIO_PIN_7;
 170              		.loc 1 76 25
 171 003a C023     		movs	r3, #192
 172 003c 3B61     		str	r3, [r7, #16]
  77:Core/Src/i2c.c ****     GPIO_InitStruct.Mode = GPIO_MODE_AF_OD;
 173              		.loc 1 77 26
 174 003e 1223     		movs	r3, #18
 175 0040 7B61     		str	r3, [r7, #20]
  78:Core/Src/i2c.c ****     GPIO_InitStruct.Pull = GPIO_NOPULL;
 176              		.loc 1 78 26
 177 0042 0023     		movs	r3, #0
 178 0044 BB61     		str	r3, [r7, #24]
  79:Core/Src/i2c.c ****     GPIO_InitStruct.Speed = GPIO_SPEED_FREQ_HIGH;
 179              		.loc 1 79 27
 180 0046 0323     		movs	r3, #3
 181 0048 FB61     		str	r3, [r7, #28]
  80:Core/Src/i2c.c ****     HAL_GPIO_Init(GPIOB, &GPIO_InitStruct);
 182              		.loc 1 80 5
 183 004a 07F11003 		add	r3, r7, #16
 184 004e 1946     		mov	r1, r3
 185 0050 3948     		ldr	r0, .L11+8
 186 0052 FFF7FEFF 		bl	HAL_GPIO_Init
 187              	.LBB3:
  81:Core/Src/i2c.c **** 
  82:Core/Src/i2c.c ****     /* I2C1 clock enable */
  83:Core/Src/i2c.c ****     __HAL_RCC_I2C1_CLK_ENABLE();
 188              		.loc 1 83 5
 189 0056 374B     		ldr	r3, .L11+4
 190 0058 DB69     		ldr	r3, [r3, #28]
 191 005a 364A     		ldr	r2, .L11+4
 192 005c 43F40013 		orr	r3, r3, #2097152
 193 0060 D361     		str	r3, [r2, #28]
 194 0062 344B     		ldr	r3, .L11+4
 195 0064 DB69     		ldr	r3, [r3, #28]
 196 0066 03F40013 		and	r3, r3, #2097152
 197 006a BB60     		str	r3, [r7, #8]
 198 006c BB68     		ldr	r3, [r7, #8]
 199              	.LBE3:
ARM GAS  /tmp/ccWt2LC5.s 			page 6


  84:Core/Src/i2c.c **** 
  85:Core/Src/i2c.c ****     /* I2C1 DMA Init */
  86:Core/Src/i2c.c ****     /* I2C1_RX Init */
  87:Core/Src/i2c.c ****     hdma_i2c1_rx.Instance = DMA1_Channel7;
 200              		.loc 1 87 27
 201 006e 334B     		ldr	r3, .L11+12
 202 0070 334A     		ldr	r2, .L11+16
 203 0072 1A60     		str	r2, [r3]
  88:Core/Src/i2c.c ****     hdma_i2c1_rx.Init.Direction = DMA_PERIPH_TO_MEMORY;
 204              		.loc 1 88 33
 205 0074 314B     		ldr	r3, .L11+12
 206 0076 0022     		movs	r2, #0
 207 0078 5A60     		str	r2, [r3, #4]
  89:Core/Src/i2c.c ****     hdma_i2c1_rx.Init.PeriphInc = DMA_PINC_DISABLE;
 208              		.loc 1 89 33
 209 007a 304B     		ldr	r3, .L11+12
 210 007c 0022     		movs	r2, #0
 211 007e 9A60     		str	r2, [r3, #8]
  90:Core/Src/i2c.c ****     hdma_i2c1_rx.Init.MemInc = DMA_MINC_ENABLE;
 212              		.loc 1 90 30
 213 0080 2E4B     		ldr	r3, .L11+12
 214 0082 8022     		movs	r2, #128
 215 0084 DA60     		str	r2, [r3, #12]
  91:Core/Src/i2c.c ****     hdma_i2c1_rx.Init.PeriphDataAlignment = DMA_PDATAALIGN_BYTE;
 216              		.loc 1 91 43
 217 0086 2D4B     		ldr	r3, .L11+12
 218 0088 0022     		movs	r2, #0
 219 008a 1A61     		str	r2, [r3, #16]
  92:Core/Src/i2c.c ****     hdma_i2c1_rx.Init.MemDataAlignment = DMA_MDATAALIGN_BYTE;
 220              		.loc 1 92 40
 221 008c 2B4B     		ldr	r3, .L11+12
 222 008e 0022     		movs	r2, #0
 223 0090 5A61     		str	r2, [r3, #20]
  93:Core/Src/i2c.c ****     hdma_i2c1_rx.Init.Mode = DMA_NORMAL;
 224              		.loc 1 93 28
 225 0092 2A4B     		ldr	r3, .L11+12
 226 0094 0022     		movs	r2, #0
 227 0096 9A61     		str	r2, [r3, #24]
  94:Core/Src/i2c.c ****     hdma_i2c1_rx.Init.Priority = DMA_PRIORITY_LOW;
 228              		.loc 1 94 32
 229 0098 284B     		ldr	r3, .L11+12
 230 009a 0022     		movs	r2, #0
 231 009c DA61     		str	r2, [r3, #28]
  95:Core/Src/i2c.c ****     if (HAL_DMA_Init(&hdma_i2c1_rx) != HAL_OK)
 232              		.loc 1 95 9
 233 009e 2748     		ldr	r0, .L11+12
 234 00a0 FFF7FEFF 		bl	HAL_DMA_Init
 235 00a4 0346     		mov	r3, r0
 236              		.loc 1 95 8 discriminator 1
 237 00a6 002B     		cmp	r3, #0
 238 00a8 01D0     		beq	.L8
  96:Core/Src/i2c.c ****     {
  97:Core/Src/i2c.c ****       Error_Handler();
 239              		.loc 1 97 7
 240 00aa FFF7FEFF 		bl	Error_Handler
 241              	.L8:
  98:Core/Src/i2c.c ****     }
ARM GAS  /tmp/ccWt2LC5.s 			page 7


  99:Core/Src/i2c.c **** 
 100:Core/Src/i2c.c ****     __HAL_LINKDMA(i2cHandle,hdmarx,hdma_i2c1_rx);
 242              		.loc 1 100 5
 243 00ae 7B68     		ldr	r3, [r7, #4]
 244 00b0 224A     		ldr	r2, .L11+12
 245 00b2 9A63     		str	r2, [r3, #56]
 246 00b4 214A     		ldr	r2, .L11+12
 247 00b6 7B68     		ldr	r3, [r7, #4]
 248 00b8 5362     		str	r3, [r2, #36]
 101:Core/Src/i2c.c **** 
 102:Core/Src/i2c.c ****     /* I2C1_TX Init */
 103:Core/Src/i2c.c ****     hdma_i2c1_tx.Instance = DMA1_Channel6;
 249              		.loc 1 103 27
 250 00ba 224B     		ldr	r3, .L11+20
 251 00bc 224A     		ldr	r2, .L11+24
 252 00be 1A60     		str	r2, [r3]
 104:Core/Src/i2c.c ****     hdma_i2c1_tx.Init.Direction = DMA_MEMORY_TO_PERIPH;
 253              		.loc 1 104 33
 254 00c0 204B     		ldr	r3, .L11+20
 255 00c2 1022     		movs	r2, #16
 256 00c4 5A60     		str	r2, [r3, #4]
 105:Core/Src/i2c.c ****     hdma_i2c1_tx.Init.PeriphInc = DMA_PINC_DISABLE;
 257              		.loc 1 105 33
 258 00c6 1F4B     		ldr	r3, .L11+20
 259 00c8 0022     		movs	r2, #0
 260 00ca 9A60     		str	r2, [r3, #8]
 106:Core/Src/i2c.c ****     hdma_i2c1_tx.Init.MemInc = DMA_MINC_ENABLE;
 261              		.loc 1 106 30
 262 00cc 1D4B     		ldr	r3, .L11+20
 263 00ce 8022     		movs	r2, #128
 264 00d0 DA60     		str	r2, [r3, #12]
 107:Core/Src/i2c.c ****     hdma_i2c1_tx.Init.PeriphDataAlignment = DMA_PDATAALIGN_BYTE;
 265              		.loc 1 107 43
 266 00d2 1C4B     		ldr	r3, .L11+20
 267 00d4 0022     		movs	r2, #0
 268 00d6 1A61     		str	r2, [r3, #16]
 108:Core/Src/i2c.c ****     hdma_i2c1_tx.Init.MemDataAlignment = DMA_MDATAALIGN_BYTE;
 269              		.loc 1 108 40
 270 00d8 1A4B     		ldr	r3, .L11+20
 271 00da 0022     		movs	r2, #0
 272 00dc 5A61     		str	r2, [r3, #20]
 109:Core/Src/i2c.c ****     hdma_i2c1_tx.Init.Mode = DMA_NORMAL;
 273              		.loc 1 109 28
 274 00de 194B     		ldr	r3, .L11+20
 275 00e0 0022     		movs	r2, #0
 276 00e2 9A61     		str	r2, [r3, #24]
 110:Core/Src/i2c.c ****     hdma_i2c1_tx.Init.Priority = DMA_PRIORITY_LOW;
 277              		.loc 1 110 32
 278 00e4 174B     		ldr	r3, .L11+20
 279 00e6 0022     		movs	r2, #0
 280 00e8 DA61     		str	r2, [r3, #28]
 111:Core/Src/i2c.c ****     if (HAL_DMA_Init(&hdma_i2c1_tx) != HAL_OK)
 281              		.loc 1 111 9
 282 00ea 1648     		ldr	r0, .L11+20
 283 00ec FFF7FEFF 		bl	HAL_DMA_Init
 284 00f0 0346     		mov	r3, r0
 285              		.loc 1 111 8 discriminator 1
ARM GAS  /tmp/ccWt2LC5.s 			page 8


 286 00f2 002B     		cmp	r3, #0
 287 00f4 01D0     		beq	.L9
 112:Core/Src/i2c.c ****     {
 113:Core/Src/i2c.c ****       Error_Handler();
 288              		.loc 1 113 7
 289 00f6 FFF7FEFF 		bl	Error_Handler
 290              	.L9:
 114:Core/Src/i2c.c ****     }
 115:Core/Src/i2c.c **** 
 116:Core/Src/i2c.c ****     __HAL_LINKDMA(i2cHandle,hdmatx,hdma_i2c1_tx);
 291              		.loc 1 116 5
 292 00fa 7B68     		ldr	r3, [r7, #4]
 293 00fc 114A     		ldr	r2, .L11+20
 294 00fe 5A63     		str	r2, [r3, #52]
 295 0100 104A     		ldr	r2, .L11+20
 296 0102 7B68     		ldr	r3, [r7, #4]
 297 0104 5362     		str	r3, [r2, #36]
 117:Core/Src/i2c.c **** 
 118:Core/Src/i2c.c ****     /* I2C1 interrupt Init */
 119:Core/Src/i2c.c ****     HAL_NVIC_SetPriority(I2C1_EV_IRQn, 0, 0);
 298              		.loc 1 119 5
 299 0106 0022     		movs	r2, #0
 300 0108 0021     		movs	r1, #0
 301 010a 1F20     		movs	r0, #31
 302 010c FFF7FEFF 		bl	HAL_NVIC_SetPriority
 120:Core/Src/i2c.c ****     HAL_NVIC_EnableIRQ(I2C1_EV_IRQn);
 303              		.loc 1 120 5
 304 0110 1F20     		movs	r0, #31
 305 0112 FFF7FEFF 		bl	HAL_NVIC_EnableIRQ
 121:Core/Src/i2c.c ****     HAL_NVIC_SetPriority(I2C1_ER_IRQn, 0, 0);
 306              		.loc 1 121 5
 307 0116 0022     		movs	r2, #0
 308 0118 0021     		movs	r1, #0
 309 011a 2020     		movs	r0, #32
 310 011c FFF7FEFF 		bl	HAL_NVIC_SetPriority
 122:Core/Src/i2c.c ****     HAL_NVIC_EnableIRQ(I2C1_ER_IRQn);
 311              		.loc 1 122 5
 312 0120 2020     		movs	r0, #32
 313 0122 FFF7FEFF 		bl	HAL_NVIC_EnableIRQ
 314              	.L10:
 123:Core/Src/i2c.c ****   /* USER CODE BEGIN I2C1_MspInit 1 */
 124:Core/Src/i2c.c **** 
 125:Core/Src/i2c.c ****   /* USER CODE END I2C1_MspInit 1 */
 126:Core/Src/i2c.c ****   }
 127:Core/Src/i2c.c **** }
 315              		.loc 1 127 1
 316 0126 00BF     		nop
 317 0128 2037     		adds	r7, r7, #32
 318              	.LCFI5:
 319              		.cfi_def_cfa_offset 8
 320 012a BD46     		mov	sp, r7
 321              	.LCFI6:
 322              		.cfi_def_cfa_register 13
 323              		@ sp needed
 324 012c 80BD     		pop	{r7, pc}
 325              	.L12:
 326 012e 00BF     		.align	2
ARM GAS  /tmp/ccWt2LC5.s 			page 9


 327              	.L11:
 328 0130 00540040 		.word	1073763328
 329 0134 00100240 		.word	1073876992
 330 0138 000C0140 		.word	1073810432
 331 013c 00000000 		.word	hdma_i2c1_rx
 332 0140 80000240 		.word	1073873024
 333 0144 00000000 		.word	hdma_i2c1_tx
 334 0148 6C000240 		.word	1073873004
 335              		.cfi_endproc
 336              	.LFE66:
 338              		.section	.text.HAL_I2C_MspDeInit,"ax",%progbits
 339              		.align	1
 340              		.global	HAL_I2C_MspDeInit
 341              		.syntax unified
 342              		.thumb
 343              		.thumb_func
 345              	HAL_I2C_MspDeInit:
 346              	.LFB67:
 128:Core/Src/i2c.c **** 
 129:Core/Src/i2c.c **** void HAL_I2C_MspDeInit(I2C_HandleTypeDef* i2cHandle)
 130:Core/Src/i2c.c **** {
 347              		.loc 1 130 1
 348              		.cfi_startproc
 349              		@ args = 0, pretend = 0, frame = 8
 350              		@ frame_needed = 1, uses_anonymous_args = 0
 351 0000 80B5     		push	{r7, lr}
 352              	.LCFI7:
 353              		.cfi_def_cfa_offset 8
 354              		.cfi_offset 7, -8
 355              		.cfi_offset 14, -4
 356 0002 82B0     		sub	sp, sp, #8
 357              	.LCFI8:
 358              		.cfi_def_cfa_offset 16
 359 0004 00AF     		add	r7, sp, #0
 360              	.LCFI9:
 361              		.cfi_def_cfa_register 7
 362 0006 7860     		str	r0, [r7, #4]
 131:Core/Src/i2c.c **** 
 132:Core/Src/i2c.c ****   if(i2cHandle->Instance==I2C1)
 363              		.loc 1 132 15
 364 0008 7B68     		ldr	r3, [r7, #4]
 365 000a 1B68     		ldr	r3, [r3]
 366              		.loc 1 132 5
 367 000c 124A     		ldr	r2, .L16
 368 000e 9342     		cmp	r3, r2
 369 0010 1DD1     		bne	.L15
 133:Core/Src/i2c.c ****   {
 134:Core/Src/i2c.c ****   /* USER CODE BEGIN I2C1_MspDeInit 0 */
 135:Core/Src/i2c.c **** 
 136:Core/Src/i2c.c ****   /* USER CODE END I2C1_MspDeInit 0 */
 137:Core/Src/i2c.c ****     /* Peripheral clock disable */
 138:Core/Src/i2c.c ****     __HAL_RCC_I2C1_CLK_DISABLE();
 370              		.loc 1 138 5
 371 0012 124B     		ldr	r3, .L16+4
 372 0014 DB69     		ldr	r3, [r3, #28]
 373 0016 114A     		ldr	r2, .L16+4
 374 0018 23F40013 		bic	r3, r3, #2097152
ARM GAS  /tmp/ccWt2LC5.s 			page 10


 375 001c D361     		str	r3, [r2, #28]
 139:Core/Src/i2c.c **** 
 140:Core/Src/i2c.c ****     /**I2C1 GPIO Configuration
 141:Core/Src/i2c.c ****     PB6     ------> I2C1_SCL
 142:Core/Src/i2c.c ****     PB7     ------> I2C1_SDA
 143:Core/Src/i2c.c ****     */
 144:Core/Src/i2c.c ****     HAL_GPIO_DeInit(GPIOB, GPIO_PIN_6);
 376              		.loc 1 144 5
 377 001e 4021     		movs	r1, #64
 378 0020 0F48     		ldr	r0, .L16+8
 379 0022 FFF7FEFF 		bl	HAL_GPIO_DeInit
 145:Core/Src/i2c.c **** 
 146:Core/Src/i2c.c ****     HAL_GPIO_DeInit(GPIOB, GPIO_PIN_7);
 380              		.loc 1 146 5
 381 0026 8021     		movs	r1, #128
 382 0028 0D48     		ldr	r0, .L16+8
 383 002a FFF7FEFF 		bl	HAL_GPIO_DeInit
 147:Core/Src/i2c.c **** 
 148:Core/Src/i2c.c ****     /* I2C1 DMA DeInit */
 149:Core/Src/i2c.c ****     HAL_DMA_DeInit(i2cHandle->hdmarx);
 384              		.loc 1 149 5
 385 002e 7B68     		ldr	r3, [r7, #4]
 386 0030 9B6B     		ldr	r3, [r3, #56]
 387 0032 1846     		mov	r0, r3
 388 0034 FFF7FEFF 		bl	HAL_DMA_DeInit
 150:Core/Src/i2c.c ****     HAL_DMA_DeInit(i2cHandle->hdmatx);
 389              		.loc 1 150 5
 390 0038 7B68     		ldr	r3, [r7, #4]
 391 003a 5B6B     		ldr	r3, [r3, #52]
 392 003c 1846     		mov	r0, r3
 393 003e FFF7FEFF 		bl	HAL_DMA_DeInit
 151:Core/Src/i2c.c **** 
 152:Core/Src/i2c.c ****     /* I2C1 interrupt Deinit */
 153:Core/Src/i2c.c ****     HAL_NVIC_DisableIRQ(I2C1_EV_IRQn);
 394              		.loc 1 153 5
 395 0042 1F20     		movs	r0, #31
 396 0044 FFF7FEFF 		bl	HAL_NVIC_DisableIRQ
 154:Core/Src/i2c.c ****     HAL_NVIC_DisableIRQ(I2C1_ER_IRQn);
 397              		.loc 1 154 5
 398 0048 2020     		movs	r0, #32
 399 004a FFF7FEFF 		bl	HAL_NVIC_DisableIRQ
 400              	.L15:
 155:Core/Src/i2c.c ****   /* USER CODE BEGIN I2C1_MspDeInit 1 */
 156:Core/Src/i2c.c **** 
 157:Core/Src/i2c.c ****   /* USER CODE END I2C1_MspDeInit 1 */
 158:Core/Src/i2c.c ****   }
 159:Core/Src/i2c.c **** }
 401              		.loc 1 159 1
 402 004e 00BF     		nop
 403 0050 0837     		adds	r7, r7, #8
 404              	.LCFI10:
 405              		.cfi_def_cfa_offset 8
 406 0052 BD46     		mov	sp, r7
 407              	.LCFI11:
 408              		.cfi_def_cfa_register 13
 409              		@ sp needed
 410 0054 80BD     		pop	{r7, pc}
ARM GAS  /tmp/ccWt2LC5.s 			page 11


 411              	.L17:
 412 0056 00BF     		.align	2
 413              	.L16:
 414 0058 00540040 		.word	1073763328
 415 005c 00100240 		.word	1073876992
 416 0060 000C0140 		.word	1073810432
 417              		.cfi_endproc
 418              	.LFE67:
 420              		.text
 421              	.Letext0:
 422              		.file 2 "Drivers/CMSIS/Device/ST/STM32F1xx/Include/stm32f103x6.h"
 423              		.file 3 "/usr/arm-none-eabi/include/machine/_default_types.h"
 424              		.file 4 "/usr/arm-none-eabi/include/sys/_stdint.h"
 425              		.file 5 "Drivers/STM32F1xx_HAL_Driver/Inc/stm32f1xx_hal_def.h"
 426              		.file 6 "Drivers/STM32F1xx_HAL_Driver/Inc/stm32f1xx_hal_gpio.h"
 427              		.file 7 "Drivers/STM32F1xx_HAL_Driver/Inc/stm32f1xx_hal_dma.h"
 428              		.file 8 "Drivers/STM32F1xx_HAL_Driver/Inc/stm32f1xx_hal_i2c.h"
 429              		.file 9 "Core/Inc/i2c.h"
 430              		.file 10 "Drivers/STM32F1xx_HAL_Driver/Inc/stm32f1xx_hal_cortex.h"
 431              		.file 11 "Core/Inc/main.h"
ARM GAS  /tmp/ccWt2LC5.s 			page 12


DEFINED SYMBOLS
                            *ABS*:00000000 i2c.c
     /tmp/ccWt2LC5.s:23     .bss.hi2c1:00000000 hi2c1
     /tmp/ccWt2LC5.s:20     .bss.hi2c1:00000000 $d
     /tmp/ccWt2LC5.s:30     .bss.hdma_i2c1_rx:00000000 hdma_i2c1_rx
     /tmp/ccWt2LC5.s:27     .bss.hdma_i2c1_rx:00000000 $d
     /tmp/ccWt2LC5.s:37     .bss.hdma_i2c1_tx:00000000 hdma_i2c1_tx
     /tmp/ccWt2LC5.s:34     .bss.hdma_i2c1_tx:00000000 $d
     /tmp/ccWt2LC5.s:40     .text.MX_I2C1_Init:00000000 $t
     /tmp/ccWt2LC5.s:46     .text.MX_I2C1_Init:00000000 MX_I2C1_Init
     /tmp/ccWt2LC5.s:112    .text.MX_I2C1_Init:00000050 $d
     /tmp/ccWt2LC5.s:119    .text.HAL_I2C_MspInit:00000000 $t
     /tmp/ccWt2LC5.s:125    .text.HAL_I2C_MspInit:00000000 HAL_I2C_MspInit
     /tmp/ccWt2LC5.s:328    .text.HAL_I2C_MspInit:00000130 $d
     /tmp/ccWt2LC5.s:339    .text.HAL_I2C_MspDeInit:00000000 $t
     /tmp/ccWt2LC5.s:345    .text.HAL_I2C_MspDeInit:00000000 HAL_I2C_MspDeInit
     /tmp/ccWt2LC5.s:414    .text.HAL_I2C_MspDeInit:00000058 $d

UNDEFINED SYMBOLS
HAL_I2C_Init
Error_Handler
HAL_GPIO_Init
HAL_DMA_Init
HAL_NVIC_SetPriority
HAL_NVIC_EnableIRQ
HAL_GPIO_DeInit
HAL_DMA_DeInit
HAL_NVIC_DisableIRQ
